<?xml version="1.0" encoding="UTF-8"?>
<!-- Generated by org.testng.reporters.JUnitReportReporter -->
<testsuite hostname="DESKTOP-QS4L8J3" failures="0" tests="1" name="Itsutra.MavenGITIntergration.NewTest" time="19.250" errors="0" timestamp="2023-07-05T12:40:57 CDT" skipped="0">
  <testcase classname="Itsutra.MavenGITIntergration.NewTest" name="myTest" time="19.250"/>
  <system-out/>
</testsuite> <!-- Itsutra.MavenGITIntergration.NewTest -->
