<?xml version="1.0" encoding="UTF-8"?>
<!-- Generated by org.testng.reporters.JUnitReportReporter -->
<testsuite hostname="DESKTOP-QS4L8J3" failures="0" tests="1" name="Itsutra.MavenGITIntergration.MavenGitInt" time="17.912" errors="0" timestamp="2023-06-29T18:21:00 CDT" skipped="0">
  <testcase classname="Itsutra.MavenGITIntergration.MavenGitInt" name="Test1" time="17.912"/>
  <system-out/>
</testsuite> <!-- Itsutra.MavenGITIntergration.MavenGitInt -->
